<?xml version="1.0" encoding="UTF-8"?>
<!-- Generated by org.testng.reporters.JUnitReportReporter -->
<testsuite skipped="0" hostname="LT-SUKR" name="com.ciklum.runner.CiklumTestRunner" tests="2" failures="0" timestamp="26 Aug 2022 03:59:37 GMT" time="0.809" errors="2">
  <testcase name="runScenario" time="0.802" classname="com.ciklum.runner.CiklumTestRunner">
    <error type="java.sql.SQLException" message="No suitable driver">
      <![CDATA[java.sql.SQLException: No suitable driver
at java.sql.DriverManager.getDriver(DriverManager.java:315)
at com.ciklum.Stepdef.AboutusStepdef.user_should_give_the_ciklum_website(AboutusStepdef.java:31)
at ✽.User should give the ciklum website(file:///C:/Users/LT-SUKR/eclipse-workspace/CiklumCucumberFramework/src/test/resources/Features/VerifyCiklumAboutus.feature:5)
]]>
    </error>
  </testcase> <!-- runScenario -->
  <testcase name="runScenario" time="0.007" classname="com.ciklum.runner.CiklumTestRunner">
    <error type="java.lang.NullPointerException">
      <![CDATA[java.lang.NullPointerException
at com.ciklum.Stepdef.CiklumWhatwedoLink.the_user_should_launch_the_chromebrowser(CiklumWhatwedoLink.java:24)
at ✽.The user should launch the chromebrowser(file:///C:/Users/LT-SUKR/eclipse-workspace/CiklumCucumberFramework/src/test/resources/Features/Verifywhatwedo.feature:4)
]]>
    </error>
  </testcase> <!-- runScenario -->
</testsuite> <!-- com.ciklum.runner.CiklumTestRunner -->
